<?xml version="1.0" encoding="UTF-8"?>
<testng-results skipped="0" failed="0" ignored="0" total="1" passed="1">
  <reporter-output>
  </reporter-output>
  <suite name="Default suite" duration-ms="79034" started-at="2021-06-13T17:35:25Z" finished-at="2021-06-13T17:36:44Z">
    <groups>
    </groups>
    <test name="Default test" duration-ms="79034" started-at="2021-06-13T17:35:25Z" finished-at="2021-06-13T17:36:44Z">
      <class name="Tests.ProfileCreationPageTest">
        <test-method status="PASS" signature="setup()[pri:0, instance:Tests.ProfileCreationPageTest@55f3ddb1]" name="setup" is-config="true" duration-ms="18014" started-at="2021-06-13T23:05:25Z" finished-at="2021-06-13T23:05:43Z">
          <reporter-output>
          </reporter-output>
        </test-method> <!-- setup -->
        <test-method status="PASS" signature="profileCreationPageTest()[pri:0, instance:Tests.ProfileCreationPageTest@55f3ddb1]" name="profileCreationPageTest" duration-ms="60988" started-at="2021-06-13T23:05:43Z" finished-at="2021-06-13T23:06:44Z">
          <reporter-output>
          </reporter-output>
        </test-method> <!-- profileCreationPageTest -->
      </class> <!-- Tests.ProfileCreationPageTest -->
    </test> <!-- Default test -->
  </suite> <!-- Default suite -->
</testng-results>
